{"level":"info","message":"GET at /templates/productsTable.handlebars"}
{"level":"info","message":"GET at /templates/auth.handlebars"}
{"level":"info","message":"GET at /hdfdsfsdfsdf"}
{"level":"warn","message":"visited unused endpoint"}
{"level":"info","message":"GET at /templates/productsTable.handlebars"}
{"level":"info","message":"GET at /templates/auth.handlebars"}
{"level":"info","message":"GET at /hdfdsfsdfsdf"}
{"level":"warn","message":"visited unused endpoint"}
{"level":"info","message":"GET at /"}
{"level":"info","message":"GET at /index.css"}
{"level":"info","message":"GET at /index.js"}
{"level":"info","message":"GET at /checkSession"}
{"level":"info","message":"GET at /media/img/favicon.png"}
{"level":"info","message":"GET at /templates/productsTable.handlebars"}
{"level":"info","message":"GET at /templates/auth.handlebars"}
{"level":"info","message":"GET at /hdfdsfsdfsdf"}
{"level":"warn","message":"visited unused endpoint"}
{"level":"info","message":"GET at /templates/productsTable.handlebars"}
{"level":"info","message":"GET at /templates/auth.handlebars"}
{"level":"info","message":"GET at /hdfdsfsdfsdf"}
{"level":"warn","message":"visited unused endpoint"}
{"level":"info","message":"GET at /templates/productsTable.handlebars"}
{"level":"info","message":"GET at /templates/auth.handlebars"}
{"level":"info","message":"GET at /hdfdsfsdfsdf"}
{"level":"warn","message":"visited unused endpoint"}
{"level":"info","message":"GET at /templates/productsTable.handlebars"}
{"level":"info","message":"GET at /templates/auth.handlebars"}
{"level":"info","message":"GET at /hdfdsfsdfsdf"}
{"level":"warn","message":"visited unused endpoint"}
{"level":"info","message":"GET at /templates/productsTable.handlebars"}
{"level":"info","message":"GET at /templates/auth.handlebars"}
{"level":"info","message":"GET at /hdfdsfsdfsdf"}
{"level":"warn","message":"visited unused endpoint"}
{"level":"info","message":"GET at /"}
{"level":"info","message":"GET at /index.css"}
{"level":"info","message":"GET at /index.js"}
{"level":"info","message":"GET at /checkSession"}
{"level":"info","message":"GET at /media/img/favicon.png"}
{"level":"info","message":"GET at /templates/productsTable.handlebars"}
{"level":"info","message":"GET at /templates/auth.handlebars"}
{"level":"info","message":"GET at /hdfdsfsdfsdf"}
{"level":"warn","message":"visited unused endpoint"}
{"level":"info","message":"GET at /templates/productsTable.handlebars"}
{"level":"info","message":"GET at /templates/auth.handlebars"}
{"level":"info","message":"GET at /hdfdsfsdfsdf"}
{"level":"warn","message":"visited unused endpoint"}
{"level":"info","message":"GET at /index.css"}
{"level":"info","message":"GET at /"}
{"level":"info","message":"GET at /"}
{"level":"info","message":"GET at /index.css"}
{"level":"info","message":"GET at /index.js"}
{"level":"info","message":"GET at /checkSession"}
{"level":"info","message":"GET at /templates/productsTable.handlebars"}
{"level":"info","message":"GET at /templates/auth.handlebars"}
{"level":"info","message":"GET at /hdfdsfsdfsdf"}
{"level":"warn","message":"visited unused endpoint"}
